This is pdfTeX, Version 3.14159265-2.6-1.40.16 (TeX Live 2015/Debian) (preloaded format=latex 2017.1.11)  14 FEB 2017 14:21
entering extended mode
 restricted \write18 enabled.
 %&-line parsing enabled.
**lecture_09.md
(./lecture_09.md
LaTeX2e <2016/02/01>
Babel <3.9q> and hyphenation patterns for 81 language(s) loaded.
! You can't use `macro parameter character #' in vertical mode.
l.2 #
      Linear Algebra (Review/Introduction)
? 
! Interruption.
<to be read again> 
                    
l.2 # 
      Linear Algebra (Review/Introduction)
? xx
 
Here is how much of TeX's memory you used:
 6 strings out of 493030
 147 string characters out of 6136260
 53067 words of memory out of 5000000
 3641 multiletter control sequences out of 15000+600000
 3640 words of font info for 14 fonts, out of 8000000 for 9000
 1141 hyphenation exceptions out of 8191
 5i,0n,1p,57b,8s stack positions out of 5000i,500n,10000p,200000b,80000s
No pages of output.
